La génération a démarré 25/02/2015 00:54:07.
     1>Projet "D:\bibliothèque\Documents\GitHub\Raytracer\Raytracer\Test\Test.vcxproj" sur le nœud 2 (Build cible(s)).
     1>CudaBuild:
         Compiling CUDA source file kernel.cu...
         cmd.exe /C "C:\Users\Mickael\AppData\Local\Temp\tmpdac8965769154845babf0bc08fd14afb.cmd"
         "C:\Program Files\NVIDIA GPU Computing Toolkit\CUDA\v5.5\bin\nvcc.exe" -gencode=arch=compute_10,code=\"sm_10,compute_10\" --use-local-env --cl-version 2012 -ccbin "C:\Program Files (x86)\Microsoft Visual Studio 11.0\VC\bin\x86_amd64"  -I"C:\Program Files\NVIDIA GPU Computing Toolkit\CUDA\v5.5\include" -I"C:\Program Files\NVIDIA GPU Computing Toolkit\CUDA\v5.5\include"  -G   --keep-dir x64\Debug -maxrregcount=0  --machine 64 --compile -cudart static  -g   -DWIN64 -D_DEBUG -D_CONSOLE -D_MBCS -Xcompiler "/EHsc /W3 /nologo /Od /Zi /RTC1 /MDd  " -o x64\Debug\kernel.cu.obj "D:\bibliothèque\Documents\GitHub\Raytracer\Raytracer\Test\kernel.cu"
         
         D:\bibliothèque\Documents\GitHub\Raytracer\Raytracer\Test>"C:\Program Files\NVIDIA GPU Computing Toolkit\CUDA\v5.5\bin\nvcc.exe" -gencode=arch=compute_10,code=\"sm_10,compute_10\" --use-local-env --cl-version 2012 -ccbin "C:\Program Files (x86)\Microsoft Visual Studio 11.0\VC\bin\x86_amd64"  -I"C:\Program Files\NVIDIA GPU Computing Toolkit\CUDA\v5.5\include" -I"C:\Program Files\NVIDIA GPU Computing Toolkit\CUDA\v5.5\include"  -G   --keep-dir x64\Debug -maxrregcount=0  --machine 64 --compile -cudart static  -g   -DWIN64 -D_DEBUG -D_CONSOLE -D_MBCS -Xcompiler "/EHsc /W3 /nologo /Od /Zi /RTC1 /MDd  " -o x64\Debug\kernel.cu.obj "D:\bibliothèque\Documents\GitHub\Raytracer\Raytracer\Test\kernel.cu" 
     1>D:/bibliothèque/Documents/GitHub/Raytracer/Raytracer/Test/kernel.cu(186): warning C4244: 'argument' : conversion de 'time_t' en 'unsigned int', perte possible de données
       Link:
         C:\Program Files (x86)\Microsoft Visual Studio 11.0\VC\bin\x86_amd64\link.exe /ERRORREPORT:PROMPT /OUT:"D:\bibliothèque\Documents\GitHub\Raytracer\Raytracer\x64\Debug\Test.exe" /INCREMENTAL /NOLOGO /LIBPATH:../../common/lib/x64 /LIBPATH:"C:\Program Files\NVIDIA GPU Computing Toolkit\CUDA\v5.5\lib\x64" cudart.lib kernel32.lib user32.lib gdi32.lib winspool.lib comdlg32.lib advapi32.lib shell32.lib ole32.lib oleaut32.lib uuid.lib odbc32.lib odbccp32.lib kernel32.lib user32.lib gdi32.lib winspool.lib comdlg32.lib advapi32.lib shell32.lib ole32.lib oleaut32.lib uuid.lib odbc32.lib odbccp32.lib /MANIFEST /MANIFESTUAC:"level='asInvoker' uiAccess='false'" /manifest:embed /DEBUG /PDB:"D:\bibliothèque\Documents\GitHub\Raytracer\Raytracer\x64\Debug\Test.pdb" /SUBSYSTEM:CONSOLE /TLBID:1 /DYNAMICBASE /NXCOMPAT /IMPLIB:"D:\bibliothèque\Documents\GitHub\Raytracer\Raytracer\x64\Debug\Test.lib" /MACHINE:X64 x64\Debug\kernel.cu.obj
     1>kernel.cu.obj : error LNK2019: symbole externe non résolu __imp_glClear référencé dans la fonction "void __cdecl display(void)" (?display@@YAXXZ)
     1>kernel.cu.obj : error LNK2019: symbole externe non résolu __imp_glClearColor référencé dans la fonction "void __cdecl init(void)" (?init@@YAXXZ)
     1>kernel.cu.obj : error LNK2019: symbole externe non résolu __imp_glDrawPixels référencé dans la fonction "void __cdecl display(void)" (?display@@YAXXZ)
     1>kernel.cu.obj : error LNK2019: symbole externe non résolu __imp_glPixelStorei référencé dans la fonction "void __cdecl init(void)" (?init@@YAXXZ)
     1>kernel.cu.obj : error LNK2019: symbole externe non résolu __imp_glShadeModel référencé dans la fonction "void __cdecl init(void)" (?init@@YAXXZ)
     1>kernel.cu.obj : error LNK2019: symbole externe non résolu glutInit référencé dans la fonction main
     1>kernel.cu.obj : error LNK2019: symbole externe non résolu glutInitWindowSize référencé dans la fonction main
     1>kernel.cu.obj : error LNK2019: symbole externe non résolu glutInitDisplayMode référencé dans la fonction main
     1>kernel.cu.obj : error LNK2019: symbole externe non résolu glutMainLoop référencé dans la fonction main
     1>kernel.cu.obj : error LNK2019: symbole externe non résolu glutCreateWindow référencé dans la fonction main
     1>kernel.cu.obj : error LNK2019: symbole externe non résolu glutSwapBuffers référencé dans la fonction "void __cdecl display(void)" (?display@@YAXXZ)
     1>kernel.cu.obj : error LNK2019: symbole externe non résolu glutWarpPointer référencé dans la fonction main
     1>kernel.cu.obj : error LNK2019: symbole externe non résolu glutKeyboardFunc référencé dans la fonction main
     1>kernel.cu.obj : error LNK2019: symbole externe non résolu glutDisplayFunc référencé dans la fonction main
     1>kernel.cu.obj : error LNK2019: symbole externe non résolu glutMouseFunc référencé dans la fonction main
     1>kernel.cu.obj : error LNK2019: symbole externe non résolu glutMotionFunc référencé dans la fonction main
     1>kernel.cu.obj : error LNK2001: symbole externe non résolu __imp___glewBindBuffer
     1>kernel.cu.obj : error LNK2001: symbole externe non résolu __imp___glewBufferData
     1>kernel.cu.obj : error LNK2001: symbole externe non résolu __imp___glewGenBuffers
     1>D:\bibliothèque\Documents\GitHub\Raytracer\Raytracer\x64\Debug\Test.exe : fatal error LNK1120: 19 externes non résolus
     1>Génération du projet "D:\bibliothèque\Documents\GitHub\Raytracer\Raytracer\Test\Test.vcxproj" terminée (Build cible(s)) -- ÉCHEC.

ÉCHEC de la build.

Temps écoulé 00:00:04.36
